<?xml version="1.0" encoding="UTF-8"?>
<!-- Generated by org.testng.reporters.JUnitReportReporter -->
<testsuite hostname="admin-PC" name="MyJenkinsTest.MyJenkinsTest" tests="1" failures="0" timestamp="22 Sep 2019 06:44:53 GMT" time="65.705" errors="0">
  <testcase name="getTitle" time="65.705" classname="MyJenkinsTest.MyJenkinsTest"/>
</testsuite> <!-- MyJenkinsTest.MyJenkinsTest -->
